20:02:36 **** Build of configuration Debug for project MPU9250 ****
make -j8 all 
arm-none-eabi-gcc "../Drivers/dev/src/mpu9250.c" -mcpu=cortex-m4 -std=gnu11 -g3 -DDEBUG -DUSE_HAL_DRIVER -DSTM32F429xx -c -I../Core/Inc -I../Drivers/STM32F4xx_HAL_Driver/Inc -I../Drivers/STM32F4xx_HAL_Driver/Inc/Legacy -I../Drivers/CMSIS/Device/ST/STM32F4xx/Include -I../Drivers/CMSIS/Include -I"D:/Documents/CESE/Protocolos_Comunicacion/proyecto_final/PdeC_sescriba/MPU9250/inc" -I"D:/Documents/CESE/Protocolos_Comunicacion/proyecto_final/PdeC_sescriba/MPU9250/src" -I"D:/Documents/CESE/Protocolos_Comunicacion/proyecto_final/PdeC_sescriba/MPU9250/Drivers/dev/src" -I"D:/Documents/CESE/Protocolos_Comunicacion/proyecto_final/PdeC_sescriba/MPU9250/Drivers/dev/inc" -O0 -ffunction-sections -fdata-sections -Wall -fstack-usage -MMD -MP -MF"Drivers/dev/src/mpu9250.d" -MT"Drivers/dev/src/mpu9250.o" --specs=nano.specs -mfpu=fpv4-sp-d16 -mfloat-abi=hard -mthumb -o "Drivers/dev/src/mpu9250.o"
arm-none-eabi-gcc "../Drivers/dev/src/port.c" -mcpu=cortex-m4 -std=gnu11 -g3 -DDEBUG -DUSE_HAL_DRIVER -DSTM32F429xx -c -I../Core/Inc -I../Drivers/STM32F4xx_HAL_Driver/Inc -I../Drivers/STM32F4xx_HAL_Driver/Inc/Legacy -I../Drivers/CMSIS/Device/ST/STM32F4xx/Include -I../Drivers/CMSIS/Include -I"D:/Documents/CESE/Protocolos_Comunicacion/proyecto_final/PdeC_sescriba/MPU9250/inc" -I"D:/Documents/CESE/Protocolos_Comunicacion/proyecto_final/PdeC_sescriba/MPU9250/src" -I"D:/Documents/CESE/Protocolos_Comunicacion/proyecto_final/PdeC_sescriba/MPU9250/Drivers/dev/src" -I"D:/Documents/CESE/Protocolos_Comunicacion/proyecto_final/PdeC_sescriba/MPU9250/Drivers/dev/inc" -O0 -ffunction-sections -fdata-sections -Wall -fstack-usage -MMD -MP -MF"Drivers/dev/src/port.d" -MT"Drivers/dev/src/port.o" --specs=nano.specs -mfpu=fpv4-sp-d16 -mfloat-abi=hard -mthumb -o "Drivers/dev/src/port.o"
arm-none-eabi-gcc "../Drivers/STM32F4xx_HAL_Driver/Src/stm32f4xx_hal.c" -mcpu=cortex-m4 -std=gnu11 -g3 -DDEBUG -DUSE_HAL_DRIVER -DSTM32F429xx -c -I../Core/Inc -I../Drivers/STM32F4xx_HAL_Driver/Inc -I../Drivers/STM32F4xx_HAL_Driver/Inc/Legacy -I../Drivers/CMSIS/Device/ST/STM32F4xx/Include -I../Drivers/CMSIS/Include -I"D:/Documents/CESE/Protocolos_Comunicacion/proyecto_final/PdeC_sescriba/MPU9250/inc" -I"D:/Documents/CESE/Protocolos_Comunicacion/proyecto_final/PdeC_sescriba/MPU9250/src" -I"D:/Documents/CESE/Protocolos_Comunicacion/proyecto_final/PdeC_sescriba/MPU9250/Drivers/dev/src" -I"D:/Documents/CESE/Protocolos_Comunicacion/proyecto_final/PdeC_sescriba/MPU9250/Drivers/dev/inc" -O0 -ffunction-sections -fdata-sections -Wall -fstack-usage -MMD -MP -MF"Drivers/STM32F4xx_HAL_Driver/Src/stm32f4xx_hal.d" -MT"Drivers/STM32F4xx_HAL_Driver/Src/stm32f4xx_hal.o" --specs=nano.specs -mfpu=fpv4-sp-d16 -mfloat-abi=hard -mthumb -o "Drivers/STM32F4xx_HAL_Driver/Src/stm32f4xx_hal.o"
arm-none-eabi-gcc "../Drivers/STM32F4xx_HAL_Driver/Src/stm32f4xx_hal_cortex.c" -mcpu=cortex-m4 -std=gnu11 -g3 -DDEBUG -DUSE_HAL_DRIVER -DSTM32F429xx -c -I../Core/Inc -I../Drivers/STM32F4xx_HAL_Driver/Inc -I../Drivers/STM32F4xx_HAL_Driver/Inc/Legacy -I../Drivers/CMSIS/Device/ST/STM32F4xx/Include -I../Drivers/CMSIS/Include -I"D:/Documents/CESE/Protocolos_Comunicacion/proyecto_final/PdeC_sescriba/MPU9250/inc" -I"D:/Documents/CESE/Protocolos_Comunicacion/proyecto_final/PdeC_sescriba/MPU9250/src" -I"D:/Documents/CESE/Protocolos_Comunicacion/proyecto_final/PdeC_sescriba/MPU9250/Drivers/dev/src" -I"D:/Documents/CESE/Protocolos_Comunicacion/proyecto_final/PdeC_sescriba/MPU9250/Drivers/dev/inc" -O0 -ffunction-sections -fdata-sections -Wall -fstack-usage -MMD -MP -MF"Drivers/STM32F4xx_HAL_Driver/Src/stm32f4xx_hal_cortex.d" -MT"Drivers/STM32F4xx_HAL_Driver/Src/stm32f4xx_hal_cortex.o" --specs=nano.specs -mfpu=fpv4-sp-d16 -mfloat-abi=hard -mthumb -o "Drivers/STM32F4xx_HAL_Driver/Src/stm32f4xx_hal_cortex.o"
arm-none-eabi-gcc "../Drivers/STM32F4xx_HAL_Driver/Src/stm32f4xx_hal_dma.c" -mcpu=cortex-m4 -std=gnu11 -g3 -DDEBUG -DUSE_HAL_DRIVER -DSTM32F429xx -c -I../Core/Inc -I../Drivers/STM32F4xx_HAL_Driver/Inc -I../Drivers/STM32F4xx_HAL_Driver/Inc/Legacy -I../Drivers/CMSIS/Device/ST/STM32F4xx/Include -I../Drivers/CMSIS/Include -I"D:/Documents/CESE/Protocolos_Comunicacion/proyecto_final/PdeC_sescriba/MPU9250/inc" -I"D:/Documents/CESE/Protocolos_Comunicacion/proyecto_final/PdeC_sescriba/MPU9250/src" -I"D:/Documents/CESE/Protocolos_Comunicacion/proyecto_final/PdeC_sescriba/MPU9250/Drivers/dev/src" -I"D:/Documents/CESE/Protocolos_Comunicacion/proyecto_final/PdeC_sescriba/MPU9250/Drivers/dev/inc" -O0 -ffunction-sections -fdata-sections -Wall -fstack-usage -MMD -MP -MF"Drivers/STM32F4xx_HAL_Driver/Src/stm32f4xx_hal_dma.d" -MT"Drivers/STM32F4xx_HAL_Driver/Src/stm32f4xx_hal_dma.o" --specs=nano.specs -mfpu=fpv4-sp-d16 -mfloat-abi=hard -mthumb -o "Drivers/STM32F4xx_HAL_Driver/Src/stm32f4xx_hal_dma.o"
arm-none-eabi-gcc "../Drivers/STM32F4xx_HAL_Driver/Src/stm32f4xx_hal_dma_ex.c" -mcpu=cortex-m4 -std=gnu11 -g3 -DDEBUG -DUSE_HAL_DRIVER -DSTM32F429xx -c -I../Core/Inc -I../Drivers/STM32F4xx_HAL_Driver/Inc -I../Drivers/STM32F4xx_HAL_Driver/Inc/Legacy -I../Drivers/CMSIS/Device/ST/STM32F4xx/Include -I../Drivers/CMSIS/Include -I"D:/Documents/CESE/Protocolos_Comunicacion/proyecto_final/PdeC_sescriba/MPU9250/inc" -I"D:/Documents/CESE/Protocolos_Comunicacion/proyecto_final/PdeC_sescriba/MPU9250/src" -I"D:/Documents/CESE/Protocolos_Comunicacion/proyecto_final/PdeC_sescriba/MPU9250/Drivers/dev/src" -I"D:/Documents/CESE/Protocolos_Comunicacion/proyecto_final/PdeC_sescriba/MPU9250/Drivers/dev/inc" -O0 -ffunction-sections -fdata-sections -Wall -fstack-usage -MMD -MP -MF"Drivers/STM32F4xx_HAL_Driver/Src/stm32f4xx_hal_dma_ex.d" -MT"Drivers/STM32F4xx_HAL_Driver/Src/stm32f4xx_hal_dma_ex.o" --specs=nano.specs -mfpu=fpv4-sp-d16 -mfloat-abi=hard -mthumb -o "Drivers/STM32F4xx_HAL_Driver/Src/stm32f4xx_hal_dma_ex.o"
arm-none-eabi-gcc "../Drivers/STM32F4xx_HAL_Driver/Src/stm32f4xx_hal_exti.c" -mcpu=cortex-m4 -std=gnu11 -g3 -DDEBUG -DUSE_HAL_DRIVER -DSTM32F429xx -c -I../Core/Inc -I../Drivers/STM32F4xx_HAL_Driver/Inc -I../Drivers/STM32F4xx_HAL_Driver/Inc/Legacy -I../Drivers/CMSIS/Device/ST/STM32F4xx/Include -I../Drivers/CMSIS/Include -I"D:/Documents/CESE/Protocolos_Comunicacion/proyecto_final/PdeC_sescriba/MPU9250/inc" -I"D:/Documents/CESE/Protocolos_Comunicacion/proyecto_final/PdeC_sescriba/MPU9250/src" -I"D:/Documents/CESE/Protocolos_Comunicacion/proyecto_final/PdeC_sescriba/MPU9250/Drivers/dev/src" -I"D:/Documents/CESE/Protocolos_Comunicacion/proyecto_final/PdeC_sescriba/MPU9250/Drivers/dev/inc" -O0 -ffunction-sections -fdata-sections -Wall -fstack-usage -MMD -MP -MF"Drivers/STM32F4xx_HAL_Driver/Src/stm32f4xx_hal_exti.d" -MT"Drivers/STM32F4xx_HAL_Driver/Src/stm32f4xx_hal_exti.o" --specs=nano.specs -mfpu=fpv4-sp-d16 -mfloat-abi=hard -mthumb -o "Drivers/STM32F4xx_HAL_Driver/Src/stm32f4xx_hal_exti.o"
arm-none-eabi-gcc "../Drivers/STM32F4xx_HAL_Driver/Src/stm32f4xx_hal_flash.c" -mcpu=cortex-m4 -std=gnu11 -g3 -DDEBUG -DUSE_HAL_DRIVER -DSTM32F429xx -c -I../Core/Inc -I../Drivers/STM32F4xx_HAL_Driver/Inc -I../Drivers/STM32F4xx_HAL_Driver/Inc/Legacy -I../Drivers/CMSIS/Device/ST/STM32F4xx/Include -I../Drivers/CMSIS/Include -I"D:/Documents/CESE/Protocolos_Comunicacion/proyecto_final/PdeC_sescriba/MPU9250/inc" -I"D:/Documents/CESE/Protocolos_Comunicacion/proyecto_final/PdeC_sescriba/MPU9250/src" -I"D:/Documents/CESE/Protocolos_Comunicacion/proyecto_final/PdeC_sescriba/MPU9250/Drivers/dev/src" -I"D:/Documents/CESE/Protocolos_Comunicacion/proyecto_final/PdeC_sescriba/MPU9250/Drivers/dev/inc" -O0 -ffunction-sections -fdata-sections -Wall -fstack-usage -MMD -MP -MF"Drivers/STM32F4xx_HAL_Driver/Src/stm32f4xx_hal_flash.d" -MT"Drivers/STM32F4xx_HAL_Driver/Src/stm32f4xx_hal_flash.o" --specs=nano.specs -mfpu=fpv4-sp-d16 -mfloat-abi=hard -mthumb -o "Drivers/STM32F4xx_HAL_Driver/Src/stm32f4xx_hal_flash.o"
../Drivers/dev/src/mpu9250.c: In function 'APP_MPU9250Init':
../Drivers/dev/src/mpu9250.c:13:28: warning: passing argument 1 of 'APP_MPU9250Write' makes pointer from integer without a cast [-Wint-conversion]
   13 | #define MPU9250_PWR_MGMT_1 0x6B
      |                            ^~~~
      |                            |
      |                            int
../Drivers/dev/src/mpu9250.c:52:26: note: in expansion of macro 'MPU9250_PWR_MGMT_1'
   52 |  ret |= APP_MPU9250Write(MPU9250_PWR_MGMT_1, 0x1, 1);
      |                          ^~~~~~~~~~~~~~~~~~
../Drivers/dev/src/mpu9250.c:20:36: note: expected 'uint8_t *' {aka 'unsigned char *'} but argument is of type 'int'
   20 | retType APP_MPU9250Write(uint8_t * addr2write, uint8_t * pdata, uint16_t size){
      |                          ~~~~~~~~~~^~~~~~~~~~
../Drivers/dev/src/mpu9250.c:52:46: warning: passing argument 2 of 'APP_MPU9250Write' makes pointer from integer without a cast [-Wint-conversion]
   52 |  ret |= APP_MPU9250Write(MPU9250_PWR_MGMT_1, 0x1, 1);
      |                                              ^~~
      |                                              |
      |                                              int
../Drivers/dev/src/mpu9250.c:20:58: note: expected 'uint8_t *' {aka 'unsigned char *'} but argument is of type 'int'
   20 | retType APP_MPU9250Write(uint8_t * addr2write, uint8_t * pdata, uint16_t size){
      |                                                ~~~~~~~~~~^~~~~
../Drivers/dev/src/port.c: In function 'DEV_InitI2C':
../Drivers/dev/src/port.c:33:1: warning: control reaches end of non-void function [-Wreturn-type]
   33 | }
      | ^
../Drivers/dev/src/mpu9250.c:15:29: warning: passing argument 1 of 'APP_MPU9250Write' makes pointer from integer without a cast [-Wint-conversion]
   15 | #define MPU9250_GYRO_CONFIG 0x1B
      |                             ^~~~
      |                             |
      |                             int
../Drivers/dev/src/mpu9250.c:54:26: note: in expansion of macro 'MPU9250_GYRO_CONFIG'
   54 |  ret |= APP_MPU9250Write(MPU9250_GYRO_CONFIG, 0x8, 1);
      |                          ^~~~~~~~~~~~~~~~~~~
../Drivers/dev/src/mpu9250.c:20:36: note: expected 'uint8_t *' {aka 'unsigned char *'} but argument is of type 'int'
   20 | retType APP_MPU9250Write(uint8_t * addr2write, uint8_t * pdata, uint16_t size){
      |                          ~~~~~~~~~~^~~~~~~~~~
../Drivers/dev/src/mpu9250.c:54:47: warning: passing argument 2 of 'APP_MPU9250Write' makes pointer from integer without a cast [-Wint-conversion]
   54 |  ret |= APP_MPU9250Write(MPU9250_GYRO_CONFIG, 0x8, 1);
      |                                               ^~~
      |                                               |
      |                                               int
../Drivers/dev/src/mpu9250.c:20:58: note: expected 'uint8_t *' {aka 'unsigned char *'} but argument is of type 'int'
   20 | retType APP_MPU9250Write(uint8_t * addr2write, uint8_t * pdata, uint16_t size){
      |                                                ~~~~~~~~~~^~~~~
../Drivers/dev/src/mpu9250.c:16:32: warning: passing argument 1 of 'APP_MPU9250Write' makes pointer from integer without a cast [-Wint-conversion]
   16 | #define MPU9250_ACCEL_CONFIG_1 0x1C
      |                                ^~~~
      |                                |
      |                                int
../Drivers/dev/src/mpu9250.c:55:26: note: in expansion of macro 'MPU9250_ACCEL_CONFIG_1'
   55 |  ret |= APP_MPU9250Write(MPU9250_ACCEL_CONFIG_1, 0x8, 1);
      |                          ^~~~~~~~~~~~~~~~~~~~~~
../Drivers/dev/src/mpu9250.c:20:36: note: expected 'uint8_t *' {aka 'unsigned char *'} but argument is of type 'int'
   20 | retType APP_MPU9250Write(uint8_t * addr2write, uint8_t * pdata, uint16_t size){
      |                          ~~~~~~~~~~^~~~~~~~~~
../Drivers/dev/src/mpu9250.c:55:50: warning: passing argument 2 of 'APP_MPU9250Write' makes pointer from integer without a cast [-Wint-conversion]
   55 |  ret |= APP_MPU9250Write(MPU9250_ACCEL_CONFIG_1, 0x8, 1);
      |                                                  ^~~
      |                                                  |
      |                                                  int
../Drivers/dev/src/mpu9250.c:20:58: note: expected 'uint8_t *' {aka 'unsigned char *'} but argument is of type 'int'
   20 | retType APP_MPU9250Write(uint8_t * addr2write, uint8_t * pdata, uint16_t size){
      |                                                ~~~~~~~~~~^~~~~
../Drivers/dev/src/mpu9250.c:17:32: warning: passing argument 1 of 'APP_MPU9250Write' makes pointer from integer without a cast [-Wint-conversion]
   17 | #define MPU9250_ACCEL_CONFIG_2 0x1D
      |                                ^~~~
      |                                |
      |                                int
../Drivers/dev/src/mpu9250.c:56:26: note: in expansion of macro 'MPU9250_ACCEL_CONFIG_2'
   56 |  ret |= APP_MPU9250Write(MPU9250_ACCEL_CONFIG_2, 0x5, 1);
      |                          ^~~~~~~~~~~~~~~~~~~~~~
../Drivers/dev/src/mpu9250.c:20:36: note: expected 'uint8_t *' {aka 'unsigned char *'} but argument is of type 'int'
   20 | retType APP_MPU9250Write(uint8_t * addr2write, uint8_t * pdata, uint16_t size){
      |                          ~~~~~~~~~~^~~~~~~~~~
../Drivers/dev/src/mpu9250.c:56:50: warning: passing argument 2 of 'APP_MPU9250Write' makes pointer from integer without a cast [-Wint-conversion]
   56 |  ret |= APP_MPU9250Write(MPU9250_ACCEL_CONFIG_2, 0x5, 1);
      |                                                  ^~~
      |                                                  |
      |                                                  int
../Drivers/dev/src/mpu9250.c:20:58: note: expected 'uint8_t *' {aka 'unsigned char *'} but argument is of type 'int'
   20 | retType APP_MPU9250Write(uint8_t * addr2write, uint8_t * pdata, uint16_t size){
      |                                                ~~~~~~~~~~^~~~~
../Drivers/dev/src/mpu9250.c:14:27: warning: passing argument 1 of 'APP_MPU9250Write' makes pointer from integer without a cast [-Wint-conversion]
   14 | #define MPU9250_CONFIG_AD 0x1A
      |                           ^~~~
      |                           |
      |                           int
../Drivers/dev/src/mpu9250.c:58:26: note: in expansion of macro 'MPU9250_CONFIG_AD'
   58 |  ret |= APP_MPU9250Write(MPU9250_CONFIG_AD, 0x5, 1);
      |                          ^~~~~~~~~~~~~~~~~
../Drivers/dev/src/mpu9250.c:20:36: note: expected 'uint8_t *' {aka 'unsigned char *'} but argument is of type 'int'
   20 | retType APP_MPU9250Write(uint8_t * addr2write, uint8_t * pdata, uint16_t size){
      |                          ~~~~~~~~~~^~~~~~~~~~
../Drivers/dev/src/mpu9250.c:58:45: warning: passing argument 2 of 'APP_MPU9250Write' makes pointer from integer without a cast [-Wint-conversion]
   58 |  ret |= APP_MPU9250Write(MPU9250_CONFIG_AD, 0x5, 1);
      |                                             ^~~
      |                                             |
      |                                             int
../Drivers/dev/src/mpu9250.c:20:58: note: expected 'uint8_t *' {aka 'unsigned char *'} but argument is of type 'int'
   20 | retType APP_MPU9250Write(uint8_t * addr2write, uint8_t * pdata, uint16_t size){
      |                                                ~~~~~~~~~~^~~~~
arm-none-eabi-gcc "../Drivers/STM32F4xx_HAL_Driver/Src/stm32f4xx_hal_flash_ex.c" -mcpu=cortex-m4 -std=gnu11 -g3 -DDEBUG -DUSE_HAL_DRIVER -DSTM32F429xx -c -I../Core/Inc -I../Drivers/STM32F4xx_HAL_Driver/Inc -I../Drivers/STM32F4xx_HAL_Driver/Inc/Legacy -I../Drivers/CMSIS/Device/ST/STM32F4xx/Include -I../Drivers/CMSIS/Include -I"D:/Documents/CESE/Protocolos_Comunicacion/proyecto_final/PdeC_sescriba/MPU9250/inc" -I"D:/Documents/CESE/Protocolos_Comunicacion/proyecto_final/PdeC_sescriba/MPU9250/src" -I"D:/Documents/CESE/Protocolos_Comunicacion/proyecto_final/PdeC_sescriba/MPU9250/Drivers/dev/src" -I"D:/Documents/CESE/Protocolos_Comunicacion/proyecto_final/PdeC_sescriba/MPU9250/Drivers/dev/inc" -O0 -ffunction-sections -fdata-sections -Wall -fstack-usage -MMD -MP -MF"Drivers/STM32F4xx_HAL_Driver/Src/stm32f4xx_hal_flash_ex.d" -MT"Drivers/STM32F4xx_HAL_Driver/Src/stm32f4xx_hal_flash_ex.o" --specs=nano.specs -mfpu=fpv4-sp-d16 -mfloat-abi=hard -mthumb -o "Drivers/STM32F4xx_HAL_Driver/Src/stm32f4xx_hal_flash_ex.o"
arm-none-eabi-gcc "../Drivers/STM32F4xx_HAL_Driver/Src/stm32f4xx_hal_flash_ramfunc.c" -mcpu=cortex-m4 -std=gnu11 -g3 -DDEBUG -DUSE_HAL_DRIVER -DSTM32F429xx -c -I../Core/Inc -I../Drivers/STM32F4xx_HAL_Driver/Inc -I../Drivers/STM32F4xx_HAL_Driver/Inc/Legacy -I../Drivers/CMSIS/Device/ST/STM32F4xx/Include -I../Drivers/CMSIS/Include -I"D:/Documents/CESE/Protocolos_Comunicacion/proyecto_final/PdeC_sescriba/MPU9250/inc" -I"D:/Documents/CESE/Protocolos_Comunicacion/proyecto_final/PdeC_sescriba/MPU9250/src" -I"D:/Documents/CESE/Protocolos_Comunicacion/proyecto_final/PdeC_sescriba/MPU9250/Drivers/dev/src" -I"D:/Documents/CESE/Protocolos_Comunicacion/proyecto_final/PdeC_sescriba/MPU9250/Drivers/dev/inc" -O0 -ffunction-sections -fdata-sections -Wall -fstack-usage -MMD -MP -MF"Drivers/STM32F4xx_HAL_Driver/Src/stm32f4xx_hal_flash_ramfunc.d" -MT"Drivers/STM32F4xx_HAL_Driver/Src/stm32f4xx_hal_flash_ramfunc.o" --specs=nano.specs -mfpu=fpv4-sp-d16 -mfloat-abi=hard -mthumb -o "Drivers/STM32F4xx_HAL_Driver/Src/stm32f4xx_hal_flash_ramfunc.o"
arm-none-eabi-gcc "../Drivers/STM32F4xx_HAL_Driver/Src/stm32f4xx_hal_gpio.c" -mcpu=cortex-m4 -std=gnu11 -g3 -DDEBUG -DUSE_HAL_DRIVER -DSTM32F429xx -c -I../Core/Inc -I../Drivers/STM32F4xx_HAL_Driver/Inc -I../Drivers/STM32F4xx_HAL_Driver/Inc/Legacy -I../Drivers/CMSIS/Device/ST/STM32F4xx/Include -I../Drivers/CMSIS/Include -I"D:/Documents/CESE/Protocolos_Comunicacion/proyecto_final/PdeC_sescriba/MPU9250/inc" -I"D:/Documents/CESE/Protocolos_Comunicacion/proyecto_final/PdeC_sescriba/MPU9250/src" -I"D:/Documents/CESE/Protocolos_Comunicacion/proyecto_final/PdeC_sescriba/MPU9250/Drivers/dev/src" -I"D:/Documents/CESE/Protocolos_Comunicacion/proyecto_final/PdeC_sescriba/MPU9250/Drivers/dev/inc" -O0 -ffunction-sections -fdata-sections -Wall -fstack-usage -MMD -MP -MF"Drivers/STM32F4xx_HAL_Driver/Src/stm32f4xx_hal_gpio.d" -MT"Drivers/STM32F4xx_HAL_Driver/Src/stm32f4xx_hal_gpio.o" --specs=nano.specs -mfpu=fpv4-sp-d16 -mfloat-abi=hard -mthumb -o "Drivers/STM32F4xx_HAL_Driver/Src/stm32f4xx_hal_gpio.o"
arm-none-eabi-gcc "../Drivers/STM32F4xx_HAL_Driver/Src/stm32f4xx_hal_i2c.c" -mcpu=cortex-m4 -std=gnu11 -g3 -DDEBUG -DUSE_HAL_DRIVER -DSTM32F429xx -c -I../Core/Inc -I../Drivers/STM32F4xx_HAL_Driver/Inc -I../Drivers/STM32F4xx_HAL_Driver/Inc/Legacy -I../Drivers/CMSIS/Device/ST/STM32F4xx/Include -I../Drivers/CMSIS/Include -I"D:/Documents/CESE/Protocolos_Comunicacion/proyecto_final/PdeC_sescriba/MPU9250/inc" -I"D:/Documents/CESE/Protocolos_Comunicacion/proyecto_final/PdeC_sescriba/MPU9250/src" -I"D:/Documents/CESE/Protocolos_Comunicacion/proyecto_final/PdeC_sescriba/MPU9250/Drivers/dev/src" -I"D:/Documents/CESE/Protocolos_Comunicacion/proyecto_final/PdeC_sescriba/MPU9250/Drivers/dev/inc" -O0 -ffunction-sections -fdata-sections -Wall -fstack-usage -MMD -MP -MF"Drivers/STM32F4xx_HAL_Driver/Src/stm32f4xx_hal_i2c.d" -MT"Drivers/STM32F4xx_HAL_Driver/Src/stm32f4xx_hal_i2c.o" --specs=nano.specs -mfpu=fpv4-sp-d16 -mfloat-abi=hard -mthumb -o "Drivers/STM32F4xx_HAL_Driver/Src/stm32f4xx_hal_i2c.o"
arm-none-eabi-gcc "../Drivers/STM32F4xx_HAL_Driver/Src/stm32f4xx_hal_i2c_ex.c" -mcpu=cortex-m4 -std=gnu11 -g3 -DDEBUG -DUSE_HAL_DRIVER -DSTM32F429xx -c -I../Core/Inc -I../Drivers/STM32F4xx_HAL_Driver/Inc -I../Drivers/STM32F4xx_HAL_Driver/Inc/Legacy -I../Drivers/CMSIS/Device/ST/STM32F4xx/Include -I../Drivers/CMSIS/Include -I"D:/Documents/CESE/Protocolos_Comunicacion/proyecto_final/PdeC_sescriba/MPU9250/inc" -I"D:/Documents/CESE/Protocolos_Comunicacion/proyecto_final/PdeC_sescriba/MPU9250/src" -I"D:/Documents/CESE/Protocolos_Comunicacion/proyecto_final/PdeC_sescriba/MPU9250/Drivers/dev/src" -I"D:/Documents/CESE/Protocolos_Comunicacion/proyecto_final/PdeC_sescriba/MPU9250/Drivers/dev/inc" -O0 -ffunction-sections -fdata-sections -Wall -fstack-usage -MMD -MP -MF"Drivers/STM32F4xx_HAL_Driver/Src/stm32f4xx_hal_i2c_ex.d" -MT"Drivers/STM32F4xx_HAL_Driver/Src/stm32f4xx_hal_i2c_ex.o" --specs=nano.specs -mfpu=fpv4-sp-d16 -mfloat-abi=hard -mthumb -o "Drivers/STM32F4xx_HAL_Driver/Src/stm32f4xx_hal_i2c_ex.o"
arm-none-eabi-gcc "../Drivers/STM32F4xx_HAL_Driver/Src/stm32f4xx_hal_pwr.c" -mcpu=cortex-m4 -std=gnu11 -g3 -DDEBUG -DUSE_HAL_DRIVER -DSTM32F429xx -c -I../Core/Inc -I../Drivers/STM32F4xx_HAL_Driver/Inc -I../Drivers/STM32F4xx_HAL_Driver/Inc/Legacy -I../Drivers/CMSIS/Device/ST/STM32F4xx/Include -I../Drivers/CMSIS/Include -I"D:/Documents/CESE/Protocolos_Comunicacion/proyecto_final/PdeC_sescriba/MPU9250/inc" -I"D:/Documents/CESE/Protocolos_Comunicacion/proyecto_final/PdeC_sescriba/MPU9250/src" -I"D:/Documents/CESE/Protocolos_Comunicacion/proyecto_final/PdeC_sescriba/MPU9250/Drivers/dev/src" -I"D:/Documents/CESE/Protocolos_Comunicacion/proyecto_final/PdeC_sescriba/MPU9250/Drivers/dev/inc" -O0 -ffunction-sections -fdata-sections -Wall -fstack-usage -MMD -MP -MF"Drivers/STM32F4xx_HAL_Driver/Src/stm32f4xx_hal_pwr.d" -MT"Drivers/STM32F4xx_HAL_Driver/Src/stm32f4xx_hal_pwr.o" --specs=nano.specs -mfpu=fpv4-sp-d16 -mfloat-abi=hard -mthumb -o "Drivers/STM32F4xx_HAL_Driver/Src/stm32f4xx_hal_pwr.o"
arm-none-eabi-gcc "../Drivers/STM32F4xx_HAL_Driver/Src/stm32f4xx_hal_pwr_ex.c" -mcpu=cortex-m4 -std=gnu11 -g3 -DDEBUG -DUSE_HAL_DRIVER -DSTM32F429xx -c -I../Core/Inc -I../Drivers/STM32F4xx_HAL_Driver/Inc -I../Drivers/STM32F4xx_HAL_Driver/Inc/Legacy -I../Drivers/CMSIS/Device/ST/STM32F4xx/Include -I../Drivers/CMSIS/Include -I"D:/Documents/CESE/Protocolos_Comunicacion/proyecto_final/PdeC_sescriba/MPU9250/inc" -I"D:/Documents/CESE/Protocolos_Comunicacion/proyecto_final/PdeC_sescriba/MPU9250/src" -I"D:/Documents/CESE/Protocolos_Comunicacion/proyecto_final/PdeC_sescriba/MPU9250/Drivers/dev/src" -I"D:/Documents/CESE/Protocolos_Comunicacion/proyecto_final/PdeC_sescriba/MPU9250/Drivers/dev/inc" -O0 -ffunction-sections -fdata-sections -Wall -fstack-usage -MMD -MP -MF"Drivers/STM32F4xx_HAL_Driver/Src/stm32f4xx_hal_pwr_ex.d" -MT"Drivers/STM32F4xx_HAL_Driver/Src/stm32f4xx_hal_pwr_ex.o" --specs=nano.specs -mfpu=fpv4-sp-d16 -mfloat-abi=hard -mthumb -o "Drivers/STM32F4xx_HAL_Driver/Src/stm32f4xx_hal_pwr_ex.o"
arm-none-eabi-gcc "../Drivers/STM32F4xx_HAL_Driver/Src/stm32f4xx_hal_rcc.c" -mcpu=cortex-m4 -std=gnu11 -g3 -DDEBUG -DUSE_HAL_DRIVER -DSTM32F429xx -c -I../Core/Inc -I../Drivers/STM32F4xx_HAL_Driver/Inc -I../Drivers/STM32F4xx_HAL_Driver/Inc/Legacy -I../Drivers/CMSIS/Device/ST/STM32F4xx/Include -I../Drivers/CMSIS/Include -I"D:/Documents/CESE/Protocolos_Comunicacion/proyecto_final/PdeC_sescriba/MPU9250/inc" -I"D:/Documents/CESE/Protocolos_Comunicacion/proyecto_final/PdeC_sescriba/MPU9250/src" -I"D:/Documents/CESE/Protocolos_Comunicacion/proyecto_final/PdeC_sescriba/MPU9250/Drivers/dev/src" -I"D:/Documents/CESE/Protocolos_Comunicacion/proyecto_final/PdeC_sescriba/MPU9250/Drivers/dev/inc" -O0 -ffunction-sections -fdata-sections -Wall -fstack-usage -MMD -MP -MF"Drivers/STM32F4xx_HAL_Driver/Src/stm32f4xx_hal_rcc.d" -MT"Drivers/STM32F4xx_HAL_Driver/Src/stm32f4xx_hal_rcc.o" --specs=nano.specs -mfpu=fpv4-sp-d16 -mfloat-abi=hard -mthumb -o "Drivers/STM32F4xx_HAL_Driver/Src/stm32f4xx_hal_rcc.o"
arm-none-eabi-gcc "../Drivers/STM32F4xx_HAL_Driver/Src/stm32f4xx_hal_rcc_ex.c" -mcpu=cortex-m4 -std=gnu11 -g3 -DDEBUG -DUSE_HAL_DRIVER -DSTM32F429xx -c -I../Core/Inc -I../Drivers/STM32F4xx_HAL_Driver/Inc -I../Drivers/STM32F4xx_HAL_Driver/Inc/Legacy -I../Drivers/CMSIS/Device/ST/STM32F4xx/Include -I../Drivers/CMSIS/Include -I"D:/Documents/CESE/Protocolos_Comunicacion/proyecto_final/PdeC_sescriba/MPU9250/inc" -I"D:/Documents/CESE/Protocolos_Comunicacion/proyecto_final/PdeC_sescriba/MPU9250/src" -I"D:/Documents/CESE/Protocolos_Comunicacion/proyecto_final/PdeC_sescriba/MPU9250/Drivers/dev/src" -I"D:/Documents/CESE/Protocolos_Comunicacion/proyecto_final/PdeC_sescriba/MPU9250/Drivers/dev/inc" -O0 -ffunction-sections -fdata-sections -Wall -fstack-usage -MMD -MP -MF"Drivers/STM32F4xx_HAL_Driver/Src/stm32f4xx_hal_rcc_ex.d" -MT"Drivers/STM32F4xx_HAL_Driver/Src/stm32f4xx_hal_rcc_ex.o" --specs=nano.specs -mfpu=fpv4-sp-d16 -mfloat-abi=hard -mthumb -o "Drivers/STM32F4xx_HAL_Driver/Src/stm32f4xx_hal_rcc_ex.o"
arm-none-eabi-gcc "../Drivers/STM32F4xx_HAL_Driver/Src/stm32f4xx_hal_tim.c" -mcpu=cortex-m4 -std=gnu11 -g3 -DDEBUG -DUSE_HAL_DRIVER -DSTM32F429xx -c -I../Core/Inc -I../Drivers/STM32F4xx_HAL_Driver/Inc -I../Drivers/STM32F4xx_HAL_Driver/Inc/Legacy -I../Drivers/CMSIS/Device/ST/STM32F4xx/Include -I../Drivers/CMSIS/Include -I"D:/Documents/CESE/Protocolos_Comunicacion/proyecto_final/PdeC_sescriba/MPU9250/inc" -I"D:/Documents/CESE/Protocolos_Comunicacion/proyecto_final/PdeC_sescriba/MPU9250/src" -I"D:/Documents/CESE/Protocolos_Comunicacion/proyecto_final/PdeC_sescriba/MPU9250/Drivers/dev/src" -I"D:/Documents/CESE/Protocolos_Comunicacion/proyecto_final/PdeC_sescriba/MPU9250/Drivers/dev/inc" -O0 -ffunction-sections -fdata-sections -Wall -fstack-usage -MMD -MP -MF"Drivers/STM32F4xx_HAL_Driver/Src/stm32f4xx_hal_tim.d" -MT"Drivers/STM32F4xx_HAL_Driver/Src/stm32f4xx_hal_tim.o" --specs=nano.specs -mfpu=fpv4-sp-d16 -mfloat-abi=hard -mthumb -o "Drivers/STM32F4xx_HAL_Driver/Src/stm32f4xx_hal_tim.o"
arm-none-eabi-gcc "../Drivers/STM32F4xx_HAL_Driver/Src/stm32f4xx_hal_tim_ex.c" -mcpu=cortex-m4 -std=gnu11 -g3 -DDEBUG -DUSE_HAL_DRIVER -DSTM32F429xx -c -I../Core/Inc -I../Drivers/STM32F4xx_HAL_Driver/Inc -I../Drivers/STM32F4xx_HAL_Driver/Inc/Legacy -I../Drivers/CMSIS/Device/ST/STM32F4xx/Include -I../Drivers/CMSIS/Include -I"D:/Documents/CESE/Protocolos_Comunicacion/proyecto_final/PdeC_sescriba/MPU9250/inc" -I"D:/Documents/CESE/Protocolos_Comunicacion/proyecto_final/PdeC_sescriba/MPU9250/src" -I"D:/Documents/CESE/Protocolos_Comunicacion/proyecto_final/PdeC_sescriba/MPU9250/Drivers/dev/src" -I"D:/Documents/CESE/Protocolos_Comunicacion/proyecto_final/PdeC_sescriba/MPU9250/Drivers/dev/inc" -O0 -ffunction-sections -fdata-sections -Wall -fstack-usage -MMD -MP -MF"Drivers/STM32F4xx_HAL_Driver/Src/stm32f4xx_hal_tim_ex.d" -MT"Drivers/STM32F4xx_HAL_Driver/Src/stm32f4xx_hal_tim_ex.o" --specs=nano.specs -mfpu=fpv4-sp-d16 -mfloat-abi=hard -mthumb -o "Drivers/STM32F4xx_HAL_Driver/Src/stm32f4xx_hal_tim_ex.o"
arm-none-eabi-gcc "../Drivers/STM32F4xx_HAL_Driver/Src/stm32f4xx_hal_uart.c" -mcpu=cortex-m4 -std=gnu11 -g3 -DDEBUG -DUSE_HAL_DRIVER -DSTM32F429xx -c -I../Core/Inc -I../Drivers/STM32F4xx_HAL_Driver/Inc -I../Drivers/STM32F4xx_HAL_Driver/Inc/Legacy -I../Drivers/CMSIS/Device/ST/STM32F4xx/Include -I../Drivers/CMSIS/Include -I"D:/Documents/CESE/Protocolos_Comunicacion/proyecto_final/PdeC_sescriba/MPU9250/inc" -I"D:/Documents/CESE/Protocolos_Comunicacion/proyecto_final/PdeC_sescriba/MPU9250/src" -I"D:/Documents/CESE/Protocolos_Comunicacion/proyecto_final/PdeC_sescriba/MPU9250/Drivers/dev/src" -I"D:/Documents/CESE/Protocolos_Comunicacion/proyecto_final/PdeC_sescriba/MPU9250/Drivers/dev/inc" -O0 -ffunction-sections -fdata-sections -Wall -fstack-usage -MMD -MP -MF"Drivers/STM32F4xx_HAL_Driver/Src/stm32f4xx_hal_uart.d" -MT"Drivers/STM32F4xx_HAL_Driver/Src/stm32f4xx_hal_uart.o" --specs=nano.specs -mfpu=fpv4-sp-d16 -mfloat-abi=hard -mthumb -o "Drivers/STM32F4xx_HAL_Driver/Src/stm32f4xx_hal_uart.o"
arm-none-eabi-gcc -mcpu=cortex-m4 -g3 -DDEBUG -c -I"D:/Documents/CESE/Protocolos_Comunicacion/proyecto_final/PdeC_sescriba/MPU9250/inc" -I"D:/Documents/CESE/Protocolos_Comunicacion/proyecto_final/PdeC_sescriba/MPU9250/src" -I"D:/Documents/CESE/Protocolos_Comunicacion/proyecto_final/PdeC_sescriba/MPU9250/Drivers/dev/src" -I"D:/Documents/CESE/Protocolos_Comunicacion/proyecto_final/PdeC_sescriba/MPU9250/Drivers/dev/inc" -x assembler-with-cpp -MMD -MP -MF"Core/Startup/startup_stm32f429zitx.d" -MT"Core/Startup/startup_stm32f429zitx.o" --specs=nano.specs -mfpu=fpv4-sp-d16 -mfloat-abi=hard -mthumb -o "Core/Startup/startup_stm32f429zitx.o" "../Core/Startup/startup_stm32f429zitx.s"
arm-none-eabi-gcc "../Core/Src/main.c" -mcpu=cortex-m4 -std=gnu11 -g3 -DDEBUG -DUSE_HAL_DRIVER -DSTM32F429xx -c -I../Core/Inc -I../Drivers/STM32F4xx_HAL_Driver/Inc -I../Drivers/STM32F4xx_HAL_Driver/Inc/Legacy -I../Drivers/CMSIS/Device/ST/STM32F4xx/Include -I../Drivers/CMSIS/Include -I"D:/Documents/CESE/Protocolos_Comunicacion/proyecto_final/PdeC_sescriba/MPU9250/inc" -I"D:/Documents/CESE/Protocolos_Comunicacion/proyecto_final/PdeC_sescriba/MPU9250/src" -I"D:/Documents/CESE/Protocolos_Comunicacion/proyecto_final/PdeC_sescriba/MPU9250/Drivers/dev/src" -I"D:/Documents/CESE/Protocolos_Comunicacion/proyecto_final/PdeC_sescriba/MPU9250/Drivers/dev/inc" -O0 -ffunction-sections -fdata-sections -Wall -fstack-usage -MMD -MP -MF"Core/Src/main.d" -MT"Core/Src/main.o" --specs=nano.specs -mfpu=fpv4-sp-d16 -mfloat-abi=hard -mthumb -o "Core/Src/main.o"
arm-none-eabi-gcc "../Core/Src/stm32f4xx_hal_msp.c" -mcpu=cortex-m4 -std=gnu11 -g3 -DDEBUG -DUSE_HAL_DRIVER -DSTM32F429xx -c -I../Core/Inc -I../Drivers/STM32F4xx_HAL_Driver/Inc -I../Drivers/STM32F4xx_HAL_Driver/Inc/Legacy -I../Drivers/CMSIS/Device/ST/STM32F4xx/Include -I../Drivers/CMSIS/Include -I"D:/Documents/CESE/Protocolos_Comunicacion/proyecto_final/PdeC_sescriba/MPU9250/inc" -I"D:/Documents/CESE/Protocolos_Comunicacion/proyecto_final/PdeC_sescriba/MPU9250/src" -I"D:/Documents/CESE/Protocolos_Comunicacion/proyecto_final/PdeC_sescriba/MPU9250/Drivers/dev/src" -I"D:/Documents/CESE/Protocolos_Comunicacion/proyecto_final/PdeC_sescriba/MPU9250/Drivers/dev/inc" -O0 -ffunction-sections -fdata-sections -Wall -fstack-usage -MMD -MP -MF"Core/Src/stm32f4xx_hal_msp.d" -MT"Core/Src/stm32f4xx_hal_msp.o" --specs=nano.specs -mfpu=fpv4-sp-d16 -mfloat-abi=hard -mthumb -o "Core/Src/stm32f4xx_hal_msp.o"
arm-none-eabi-gcc "../Core/Src/stm32f4xx_it.c" -mcpu=cortex-m4 -std=gnu11 -g3 -DDEBUG -DUSE_HAL_DRIVER -DSTM32F429xx -c -I../Core/Inc -I../Drivers/STM32F4xx_HAL_Driver/Inc -I../Drivers/STM32F4xx_HAL_Driver/Inc/Legacy -I../Drivers/CMSIS/Device/ST/STM32F4xx/Include -I../Drivers/CMSIS/Include -I"D:/Documents/CESE/Protocolos_Comunicacion/proyecto_final/PdeC_sescriba/MPU9250/inc" -I"D:/Documents/CESE/Protocolos_Comunicacion/proyecto_final/PdeC_sescriba/MPU9250/src" -I"D:/Documents/CESE/Protocolos_Comunicacion/proyecto_final/PdeC_sescriba/MPU9250/Drivers/dev/src" -I"D:/Documents/CESE/Protocolos_Comunicacion/proyecto_final/PdeC_sescriba/MPU9250/Drivers/dev/inc" -O0 -ffunction-sections -fdata-sections -Wall -fstack-usage -MMD -MP -MF"Core/Src/stm32f4xx_it.d" -MT"Core/Src/stm32f4xx_it.o" --specs=nano.specs -mfpu=fpv4-sp-d16 -mfloat-abi=hard -mthumb -o "Core/Src/stm32f4xx_it.o"
arm-none-eabi-gcc "../Core/Src/syscalls.c" -mcpu=cortex-m4 -std=gnu11 -g3 -DDEBUG -DUSE_HAL_DRIVER -DSTM32F429xx -c -I../Core/Inc -I../Drivers/STM32F4xx_HAL_Driver/Inc -I../Drivers/STM32F4xx_HAL_Driver/Inc/Legacy -I../Drivers/CMSIS/Device/ST/STM32F4xx/Include -I../Drivers/CMSIS/Include -I"D:/Documents/CESE/Protocolos_Comunicacion/proyecto_final/PdeC_sescriba/MPU9250/inc" -I"D:/Documents/CESE/Protocolos_Comunicacion/proyecto_final/PdeC_sescriba/MPU9250/src" -I"D:/Documents/CESE/Protocolos_Comunicacion/proyecto_final/PdeC_sescriba/MPU9250/Drivers/dev/src" -I"D:/Documents/CESE/Protocolos_Comunicacion/proyecto_final/PdeC_sescriba/MPU9250/Drivers/dev/inc" -O0 -ffunction-sections -fdata-sections -Wall -fstack-usage -MMD -MP -MF"Core/Src/syscalls.d" -MT"Core/Src/syscalls.o" --specs=nano.specs -mfpu=fpv4-sp-d16 -mfloat-abi=hard -mthumb -o "Core/Src/syscalls.o"
arm-none-eabi-gcc "../Core/Src/sysmem.c" -mcpu=cortex-m4 -std=gnu11 -g3 -DDEBUG -DUSE_HAL_DRIVER -DSTM32F429xx -c -I../Core/Inc -I../Drivers/STM32F4xx_HAL_Driver/Inc -I../Drivers/STM32F4xx_HAL_Driver/Inc/Legacy -I../Drivers/CMSIS/Device/ST/STM32F4xx/Include -I../Drivers/CMSIS/Include -I"D:/Documents/CESE/Protocolos_Comunicacion/proyecto_final/PdeC_sescriba/MPU9250/inc" -I"D:/Documents/CESE/Protocolos_Comunicacion/proyecto_final/PdeC_sescriba/MPU9250/src" -I"D:/Documents/CESE/Protocolos_Comunicacion/proyecto_final/PdeC_sescriba/MPU9250/Drivers/dev/src" -I"D:/Documents/CESE/Protocolos_Comunicacion/proyecto_final/PdeC_sescriba/MPU9250/Drivers/dev/inc" -O0 -ffunction-sections -fdata-sections -Wall -fstack-usage -MMD -MP -MF"Core/Src/sysmem.d" -MT"Core/Src/sysmem.o" --specs=nano.specs -mfpu=fpv4-sp-d16 -mfloat-abi=hard -mthumb -o "Core/Src/sysmem.o"
arm-none-eabi-gcc "../Core/Src/system_stm32f4xx.c" -mcpu=cortex-m4 -std=gnu11 -g3 -DDEBUG -DUSE_HAL_DRIVER -DSTM32F429xx -c -I../Core/Inc -I../Drivers/STM32F4xx_HAL_Driver/Inc -I../Drivers/STM32F4xx_HAL_Driver/Inc/Legacy -I../Drivers/CMSIS/Device/ST/STM32F4xx/Include -I../Drivers/CMSIS/Include -I"D:/Documents/CESE/Protocolos_Comunicacion/proyecto_final/PdeC_sescriba/MPU9250/inc" -I"D:/Documents/CESE/Protocolos_Comunicacion/proyecto_final/PdeC_sescriba/MPU9250/src" -I"D:/Documents/CESE/Protocolos_Comunicacion/proyecto_final/PdeC_sescriba/MPU9250/Drivers/dev/src" -I"D:/Documents/CESE/Protocolos_Comunicacion/proyecto_final/PdeC_sescriba/MPU9250/Drivers/dev/inc" -O0 -ffunction-sections -fdata-sections -Wall -fstack-usage -MMD -MP -MF"Core/Src/system_stm32f4xx.d" -MT"Core/Src/system_stm32f4xx.o" --specs=nano.specs -mfpu=fpv4-sp-d16 -mfloat-abi=hard -mthumb -o "Core/Src/system_stm32f4xx.o"
arm-none-eabi-gcc -o "MPU9250.elf" @"objects.list"   -mcpu=cortex-m4 -T"D:\Documents\CESE\Protocolos_Comunicacion\proyecto_final\PdeC_sescriba\MPU9250\STM32F429ZITX_FLASH.ld" --specs=nosys.specs -Wl,-Map="MPU9250.map" -Wl,--gc-sections -static --specs=nano.specs -mfpu=fpv4-sp-d16 -mfloat-abi=hard -mthumb -Wl,--start-group -lc -lm -Wl,--end-group
Finished building target: MPU9250.elf
 
arm-none-eabi-size   MPU9250.elf 
arm-none-eabi-objdump -h -S  MPU9250.elf  > "MPU9250.list"
   text	   data	    bss	    dec	    hex	filename
  15488	     20	   1724	  17232	   4350	MPU9250.elf
Finished building: default.size.stdout
 
Finished building: MPU9250.list
 
